<?xml version='1.0' encoding='UTF-8'?>
<testsuite hostname="meekrabr6r" name="nodescala.NodeScalaSuite" tests="11" errors="0" failures="0" time="4.603">
                     <properties>
[...]
</properties>
                     <testcase classname="nodescala.NodeScalaSuite" name="A Future should always be completed" time="0.015">
                                                 
                                               </testcase><testcase classname="nodescala.NodeScalaSuite" name="A Future should never be completed" time="1.004">
                                                 
                                               </testcase><testcase classname="nodescala.NodeScalaSuite" name="A Future holding the list of values of all the Futures from a List[Future[T]]" time="0.011">
                                                 
                                               </testcase><testcase classname="nodescala.NodeScalaSuite" name="A race beween Futures should return the quickest Future[T]" time="0.016">
                                                 
                                               </testcase><testcase classname="nodescala.NodeScalaSuite" name="delay have to finish when Await will wait" time="1.008">
                                                 
                                               </testcase><testcase classname="nodescala.NodeScalaSuite" name="delay can't to finish when Await won't wait" time="1.004">
                                                 
                                               </testcase><testcase classname="nodescala.NodeScalaSuite" name="Calling 'now' on instances of Future could return the Future's value" time="0.007">
                                                 
                                               </testcase><testcase classname="nodescala.NodeScalaSuite" name="continueWith should wait for the first future to complete" time="0.506">
                                                 
                                               </testcase><testcase classname="nodescala.NodeScalaSuite" name="continue should wait for the first future to complete" time="0.512">
                                                 
                                               </testcase><testcase classname="nodescala.NodeScalaSuite" name="CancellationTokenSource should allow stopping the computation" time="0.008">
                                                 
                                               </testcase><testcase classname="nodescala.NodeScalaSuite" name="Server should serve requests" time="0.512">
                                                 
                                               </testcase>
                     <system-out></system-out>
                     <system-err></system-err>
                   </testsuite>